ERROR 2020-12-17 13:18:52 in exceptions.inner: 500 error
ERROR 2020-12-17 13:18:52 in exceptions.inner: 500 error
ERROR 2020-12-17 13:19:11 in exceptions.inner: 500 error
ERROR 2020-12-17 13:19:11 in exceptions.inner: 500 error
ERROR 2020-12-17 13:20:21 in exceptions.inner: 500 error
ERROR 2020-12-17 13:20:21 in exceptions.inner: 500 error
ERROR 2020-12-17 13:20:58 in exceptions.inner: 500 server error
ERROR 2020-12-17 13:20:58 in exceptions.inner: 500 server error
ERROR 2020-12-17 13:23:54 in exceptions.inner: 500 server error
ERROR 2020-12-17 13:23:54 in exceptions.inner: 500 server error
ERROR 2020-12-17 13:24:02 in exceptions.inner: 500 server error
ERROR 2020-12-17 13:24:02 in exceptions.inner: 500 server error
ERROR 2020-12-17 13:25:13 in exceptions.inner: 500 server error, index
ERROR 2020-12-17 13:25:13 in exceptions.inner: 500 server error, writer
ERROR 2020-12-17 13:26:06 in exceptions.inner: index: 500 server error
ERROR 2020-12-17 13:26:06 in exceptions.inner: writer: 500 server error
ERROR 2020-12-17 13:26:38 in index: 500 server error
ERROR 2020-12-17 13:26:38 in writer: 500 server error
ERROR 2020-12-17 13:28:08 in blog.viewsindex: 500 server error
ERROR 2020-12-17 13:28:08 in blog.viewswriter: 500 server error
ERROR 2020-12-17 13:28:31 in blog.views.index: 500 server error
ERROR 2020-12-17 13:28:31 in blog.views.writer: 500 server error
ERROR 2020-12-17 13:28:46 in blog.views.index: 500 server error
ERROR 2020-12-17 13:28:46 in blog.views.writer: 500 server error
ERROR 2020-12-17 13:29:21 in blog.views.index: 500 server error
ERROR 2020-12-17 13:29:32 in blog.views.index: 500 server error
ERROR 2020-12-17 13:29:58 in blog.views.index: 500 server error
ERROR 2020-12-17 13:33:07 in blog.views.writer: 500 server error
ERROR 2020-12-20 04:40:16 in blog.views.article: 500 server error
ERROR 2020-12-20 04:40:25 in blog.views.writer: 500 server error
